<?xml version="1.0" encoding="UTF-8"?>
<!-- Generated by org.testng.reporters.JUnitXMLReporter -->
<testsuite ignored="4" hostname="DESKTOP-03NIIQU" failures="0" tests="1" name="Default test" time="4.615" errors="0" timestamp="2021-10-08T17:26:01 IST">
  <testcase classname="testCases.GetMethodTest" name="getMethodSpecificationBuilderTest" time="3.384"/>
  <testcase classname="testCases.GetMethodTest" name="getDownloadFileTest" time="0.0">
    <ignored/>
  </testcase> <!-- getDownloadFileTest -->
  <testcase classname="testCases.GetMethodTest" name="getMethodDeserializeTest" time="0.0">
    <ignored/>
  </testcase> <!-- getMethodDeserializeTest -->
  <testcase classname="testCases.GetMethodTest" name="getMethodResponseTest" time="0.0">
    <ignored/>
  </testcase> <!-- getMethodResponseTest -->
  <testcase classname="testCases.GetMethodTest" name="getMethodTest" time="0.0">
    <ignored/>
  </testcase> <!-- getMethodTest -->
</testsuite> <!-- Default test -->
