<?xml version="1.0" encoding="UTF-8"?>
<!-- Generated by org.testng.reporters.JUnitXMLReporter -->
<testsuite ignored="0" hostname="DESKTOP-03NIIQU" failures="0" tests="11" name="Different HTTP Methods Test" time="10.531" errors="0" timestamp="2021-10-08T17:27:05 IST">
  <testcase classname="testCases.DeleteMethodTest" name="deleteMethodTest" time="2.459"/>
  <testcase classname="testCases.GetMethodTest" name="getMethodResponseTest" time="0.257"/>
  <testcase classname="testCases.PostMethodTest" name="postMethodTest" time="2.309"/>
  <testcase classname="testCases.PutMethodTest" name="putMethodTest" time="0.792"/>
  <testcase classname="testCases.PatchMethodTest" name="putMethodTest" time="0.589"/>
  <testcase classname="testCases.GetMethodTest" name="getMethodTest" time="0.252"/>
  <testcase classname="testCases.PostMethodTest" name="postSerializeTest" time="0.581"/>
  <testcase classname="testCases.GetMethodTest" name="getMethodSpecificationBuilderTest" time="0.224"/>
  <testcase classname="testCases.PostMethodTest" name="postFileUploadTest" time="1.154"/>
  <testcase classname="testCases.GetMethodTest" name="getMethodDeserializeTest" time="0.563"/>
  <testcase classname="testCases.GetMethodTest" name="getDownloadFileTest" time="0.139"/>
</testsuite> <!-- Different HTTP Methods Test -->
